  PsWindowsAtomic.cpp
  PsWindowsCpu.cpp
  PsWindowsFPU.cpp
  PsWindowsMemoryMappedFile.cpp
  PsWindowsModuleUpdateLoader.cpp
  PsWindowsMutex.cpp
  PsWindowsPAEventSrc.cpp
  PsWindowsPrintString.cpp
  PsWindowsSList.cpp
  PsWindowsSocket.cpp
  PsWindowsSync.cpp
  PsWindowsThread.cpp
  PsWindowsTime.cpp
  PsAllocator.cpp
  PsAssert.cpp
  PsErrorHandler.cpp
  PsFastIPC.cpp
  PsFastXml.cpp
  PsFoundation.cpp
  PsMathUtils.cpp
  PsTempAllocator.cpp
  PsUtilities.cpp
  CmCollection.cpp
  CmEventProfiler.cpp
  CmFreeListAllocator.cpp
  CmMathUtils.cpp
  CmPtrTable.cpp
  CmRenderOutput.cpp
  CmVisualization.cpp
  GuContactCapsuleMesh.cpp
  GuContactConvexMesh.cpp
  GuContactPolygonPolygon.cpp
  GuContactSphereMesh.cpp
  GuFeatureCode.cpp
  GuBarycentricCoordinates.cpp
  GuSeparatingAxes.cpp
  GuBigConvexData.cpp
  GuConvexHelper.cpp
  GuConvexMesh.cpp
  GuConvexSupportTable.cpp
  GuConvexUtilsInternal.cpp
  GuCubeIndex.cpp
  GuHillClimbing.cpp
  GuShapeConvex.cpp
  GuDistancePointBox.cpp
  GuDistancePointSegment.cpp
  GuDistancePointTriangle.cpp
  GuDistanceSegmentBox.cpp
  GuDistanceSegmentSegment.cpp
  GuDistanceSegmentTriangle.cpp
  GuSweepBoxBox.cpp
  GuSweepBoxSphere.cpp
  GuSweepBoxTriangle_FeatureBased.cpp
  GuSweepBoxTriangle_SAT.cpp
  GuSweepCapsuleBox.cpp
  GuSweepCapsuleCapsule.cpp
  GuSweepCapsuleTriangle.cpp
  GuSweepSphereCapsule.cpp
  GuSweepSphereSphere.cpp
  GuSweepSphereTriangle.cpp
  GuSweepTriangleUtils.cpp
  GuEPA.cpp
  GuEPAPenetrationWrapper.cpp
  GuGJKFallBack.cpp
  GuGJKPenetrationWrapper.cpp
  GuGJKSimplex.cpp
  GuGJKSimplexTesselation.cpp
  GuGJKWrapper.cpp
  GuVecBox.cpp
  GuIntersectionBoxBox.cpp
  GuIntersectionEdgeEdge.cpp
  GuIntersectionRayBox.cpp
  GuIntersectionRayCapsule.cpp
  GuIntersectionRaySphere.cpp
  GuIntersectionRayTriangle.cpp
  GuIntersectionTriangleBox.cpp
  GuHybridModel.cpp
  GuInternalTriangleMesh.cpp
  GuMeshInterface.cpp
  GuMeshQuery.cpp
  GuMidphase.cpp
  GuOverlapTestsMesh.cpp
  GuRTree.cpp
  GuRTreeQueries.cpp
  GuSweepsMesh.cpp
  GuTriangleMesh.cpp
  GuHeightField.cpp
  GuHeightFieldUtil.cpp
  GuOverlapTestsHF.cpp
  GuSweepsHF.cpp
  GuPCMContactBoxBox.cpp
  GuPCMContactBoxConvex.cpp
  GuPCMContactCapsuleBox.cpp
  GuPCMContactCapsuleConvex.cpp
  GuPCMContactCapsuleHeightField.cpp
  GuPCMContactCapsuleMesh.cpp
  GuPCMContactConvexCommon.cpp
  GuPCMContactConvexConvex.cpp
  GuPCMContactConvexHeightField.cpp
  GuPCMContactConvexMesh.cpp
  GuPCMContactGenBoxConvex.cpp
  GuPCMContactGenSphereCapsule.cpp
  GuPCMContactPlaneBox.cpp
  GuPCMContactPlaneCapsule.cpp
  GuPCMContactPlaneConvex.cpp
  GuPCMContactSphereConvex.cpp
  GuPCMContactSphereHeightField.cpp
  GuPCMContactSphereMesh.cpp
  GuPCMShapeConvex.cpp
  GuPCMTriangleContactGen.cpp
  GuPersistentContactManifold.cpp
  GuBox.cpp
  GuBoxPruning.cpp
  GuCapsule.cpp
  GuCCTSweepTests.cpp
  GuContainer.cpp
  GuContainerMemoryMgmt.cpp
  GuContainerMemoryMgmtPS3.cpp
  GuDebug.cpp
  GuGeometryQuery.cpp
  GuGeometryUnion.cpp
  GuGeomUtilsInternal.cpp
  GuMeshFactory.cpp
  GuMetaData.cpp
  GuMTD.cpp
  GuObjectBounds.cpp
  GuOverlapTests.cpp
  GuRaycastTests.cpp
  GuRevisitedRadix.cpp
  GuRevisitedRadixBuffered.cpp
  GuSerialize.cpp
  GuSweepMTD.cpp
  GuSweepSharedTests.cpp
  GuSweepTests.cpp
     Creating library ./../../../Lib/vc14win32/PhysX3Common_x86.lib and object ./../../../Lib/vc14win32/PhysX3Common_x86.exp
  PhysXCommon.vcxproj -> C:\CPSC\CPSC585\PhysX3_3_4\PhysX-3.3\PhysXSDK\Source\compiler\vc14win32\./../../../bin/vc14win32\PhysX3Common_x86.dll
  PhysXCommon.vcxproj -> C:\CPSC\CPSC585\PhysX3_3_4\PhysX-3.3\PhysXSDK\bin\vc14win32\\PhysX3Common_x86.pdb (Full PDB)
