  ScParticleBodyInteraction.cpp
  ScParticlePacketShape.cpp
  ScParticleSystemCore.cpp
  ScParticleSystemSim.cpp
  ScActor.cpp
  ScElement.cpp
  ScInteraction.cpp
  ScInteractionScene.cpp
  ScClothCore.cpp
  ScClothFabricCore.cpp
  ScClothShape.cpp
  ScClothSim.cpp
  ScActorCore.cpp
  ScActorInteraction.cpp
  ScActorPair.cpp
  ScActorSim.cpp
  ScArticulationCore.cpp
  ScArticulationJointCore.cpp
  ScArticulationJointSim.cpp
  ScArticulationSim.cpp
  ScBodyCore.cpp
  ScBodyCoreKinematic.cpp
  ScBodySim.cpp
  ScConstraintCore.cpp
  ScConstraintGroupNode.cpp
  ScConstraintInteraction.cpp
  ScConstraintProjectionManager.cpp
  ScConstraintProjectionTree.cpp
  ScConstraintSim.cpp
  ScCoreInteraction.cpp
  ScElementActorInteraction.cpp
  ScElementInteractionMarker.cpp
  ScElementSim.cpp
  ScElementSimInteraction.cpp
  ScMaterialCore.cpp
  ScMetaData.cpp
  ScNPhaseCore.cpp
  ScPhysics.cpp
  ScRigidCore.cpp
  ScRigidSim.cpp
  ScScene.cpp
  ScShapeCore.cpp
  ScShapeInstancePairLL.cpp
  ScShapeIterator.cpp
  ScShapeSim.cpp
  ScSimStats.cpp
  ScStaticCore.cpp
  ScStaticSim.cpp
  ScTriggerInteraction.cpp
  SimulationController.vcxproj -> C:\CPSC\CPSC585\PhysX3_3_4\PhysX-3.3\PhysXSDK\Source\compiler\vc14win32\./../../../Lib/vc14win32\SimulationControllerDEBUG.lib
