  SampleHelloWorld.cpp
  SampleBridges.cpp
  SampleBridgesCCT.cpp
  SampleCharacterClothCameraController.cpp
  SampleCharacterClothFlag.cpp
  SampleCharacterClothJump.cpp
  SampleCharacterCloth_CCT.cpp
  SampleCharacterCloth_ClothController.cpp
  SampleCharacterCloth_FilterShader.cpp
  SampleCharacterCloth_Main.cpp
  SampleCharacterCloth_Platform.cpp
  SampleCharacterCloth_PlatformBuilder.cpp
  SampleCharacterCloth_TerrainBuilder.cpp
  SampleVehicle.cpp
  SampleVehicleDebugRender.cpp
  SampleVehicleTerrain.cpp
  SampleVehicle_CameraController.cpp
  SampleVehicle_ControlInputs.cpp
  SampleVehicle_GameLogic.cpp
  SampleVehicle_SceneQuery.cpp
  SampleVehicle_VehicleController.cpp
  SampleVehicle_VehicleCooking.cpp
  SampleVehicle_VehicleManager.cpp
  SampleVehicle_WheelQueryResults.cpp
  SampleParticles.cpp
  Crab.cpp
  SampleSubmarine.cpp
  SampleNorthPole.cpp
  SampleNorthPoleBuilder.cpp
  SampleNorthPoleCameraController.cpp
  SampleNorthPoleCCT.cpp
  SampleNorthPoleDynamics.cpp
  SampleNorthPoleFilterShader.cpp
  Planet.cpp
  SampleCustomGravity.cpp
  SampleCustomGravityBuilder.cpp
  SampleCustomGravityCameraController.cpp
  SampleCustomGravityFilterShader.cpp
  SampleCustomGravity_CCT.cpp
  ChunkLoader.cpp
  MeshBuilder.cpp
  SampleLargeWorld.cpp
  SampleLargeWorldCCT.cpp
  KinematicPlatform.cpp
  SampleCCTActor.cpp
  SampleCCTCameraController.cpp
  SampleCCTJump.cpp
LINK : fatal error LNK1104: cannot open file 'PhysX3CommonDEBUG_x64.lib'
