c:\cpsc\cpsc585\physx3_3_4\physx-3.3\physxsdk\source\compiler\vc14win32\win32\lowlevel\debug\pxsrigidbodyaccessgpu.obj
c:\cpsc\cpsc585\physx3_3_4\physx-3.3\physxsdk\source\compiler\vc14win32\win32\lowlevel\debug\pxsaabbmanagertasks.obj
c:\cpsc\cpsc585\physx3_3_4\physx-3.3\physxsdk\source\compiler\vc14win32\win32\lowlevel\debug\pxsbodytransformvault.obj
c:\cpsc\cpsc585\physx3_3_4\physx-3.3\physxsdk\source\compiler\vc14win32\win32\lowlevel\debug\pxsbroadphasembp.obj
c:\cpsc\cpsc585\physx3_3_4\physx-3.3\physxsdk\source\compiler\vc14win32\win32\lowlevel\debug\pxsconstraintpartition.obj
c:\cpsc\cpsc585\physx3_3_4\physx-3.3\physxsdk\source\compiler\vc14win32\win32\lowlevel\debug\pxscontactmanager.obj
c:\cpsc\cpsc585\physx3_3_4\physx-3.3\physxsdk\source\compiler\vc14win32\win32\lowlevel\debug\pxsfluidcollisionbox.obj
c:\cpsc\cpsc585\physx3_3_4\physx-3.3\physxsdk\source\compiler\vc14win32\win32\lowlevel\debug\pxsfluidcollisioncapsule.obj
c:\cpsc\cpsc585\physx3_3_4\physx-3.3\physxsdk\source\compiler\vc14win32\win32\lowlevel\debug\pxsfluidcollisionconvex.obj
c:\cpsc\cpsc585\physx3_3_4\physx-3.3\physxsdk\source\compiler\vc14win32\win32\lowlevel\debug\pxsfluiddynamics.obj
c:\cpsc\cpsc585\physx3_3_4\physx-3.3\physxsdk\source\compiler\vc14win32\win32\lowlevel\debug\pxsparticlesystembatcher.obj
c:\cpsc\cpsc585\physx3_3_4\physx-3.3\physxsdk\source\compiler\vc14win32\win32\lowlevel\debug\pxssaptasks.obj
c:\cpsc\cpsc585\physx3_3_4\physx-3.3\physxsdk\source\compiler\vc14win32\win32\lowlevel\debug\pxssolvercontactsimdblock.obj
c:\cpsc\cpsc585\physx3_3_4\physx-3.3\physxsdk\source\compiler\vc14win32\win32\lowlevel\debug\pxssolvercorescalar.obj
c:\cpsc\cpsc585\physx3_3_4\physx-3.3\physxsdk\source\compiler\vc14win32\win32\lowlevel\debug\pxssolvercoresimdblockpf.obj
c:\cpsc\cpsc585\physx3_3_4\physx-3.3\physxsdk\source\compiler\vc14win32\win32\lowlevel\debug\pxsthreadcontext.obj
c:\cpsc\cpsc585\physx3_3_4\physx-3.3\physxsdk\source\compiler\vc14win32\win32\lowlevel\debug\pxccontactcapsuleheightfield.obj
c:\cpsc\cpsc585\physx3_3_4\physx-3.3\physxsdk\source\compiler\vc14win32\win32\lowlevel\debug\pxccontactconvexheightfield.obj
c:\cpsc\cpsc585\physx3_3_4\physx-3.3\physxsdk\source\compiler\vc14win32\win32\lowlevel\debug\pxccontactspherecapsule.obj
c:\cpsc\cpsc585\physx3_3_4\physx-3.3\physxsdk\source\compiler\vc14win32\win32\lowlevel\debug\pxccontactspheresphere.obj
c:\cpsc\cpsc585\physx3_3_4\physx-3.3\physxsdk\source\compiler\vc14win32\win32\lowlevel\debug\pxcpcmcontactboxheightfield.obj
c:\cpsc\cpsc585\physx3_3_4\physx-3.3\physxsdk\source\compiler\vc14win32\win32\lowlevel\debug\pxcpcmcontactcapsuleconvex.obj
c:\cpsc\cpsc585\physx3_3_4\physx-3.3\physxsdk\source\compiler\vc14win32\win32\lowlevel\debug\pxcpcmcontactconvexheightfield.obj
c:\cpsc\cpsc585\physx3_3_4\physx-3.3\physxsdk\source\compiler\vc14win32\win32\lowlevel\debug\pxcpcmcontactplaneconvex.obj
c:\cpsc\cpsc585\physx3_3_4\physx-3.3\physxsdk\source\compiler\vc14win32\win32\lowlevel\debug\pxcpcmcontactsphereheightfield.obj
c:\cpsc\cpsc585\physx3_3_4\physx-3.3\physxsdk\source\compiler\vc14win32\win32\lowlevel\debug\pxcarticulationhelper.obj
c:\cpsc\cpsc585\physx3_3_4\physx-3.3\physxsdk\source\compiler\vc14win32\win32\lowlevel\debug\pxccontactmethodimpl.obj
c:\cpsc\cpsc585\physx3_3_4\physx-3.3\physxsdk\source\compiler\vc14win32\win32\lowlevel\debug\pxcfrictionpatchstreampair.obj
c:\cpsc\cpsc585\physx3_3_4\physx-3.3\physxsdk\source\compiler\vc14win32\win32\lowlevel\debug\pxcmaterialmesh.obj
c:\cpsc\cpsc585\physx3_3_4\physx-3.3\physxsdk\source\compiler\vc14win32\win32\lowlevel\debug\pxcnpcontactprep.obj
c:\cpsc\cpsc585\physx3_3_4\physx-3.3\physxsdk\source\compiler\vc14win32\win32\lowlevel\debug\pxsaabbmanageraux.obj
c:\cpsc\cpsc585\physx3_3_4\physx-3.3\physxsdk\source\compiler\vc14win32\win32\lowlevel\debug\pxsarticulation.obj
c:\cpsc\cpsc585\physx3_3_4\physx-3.3\physxsdk\source\compiler\vc14win32\win32\lowlevel\debug\pxsconstraintsetup.obj
c:\cpsc\cpsc585\physx3_3_4\physx-3.3\physxsdk\source\compiler\vc14win32\win32\lowlevel\debug\pxsconstraintsetupblock.obj
c:\cpsc\cpsc585\physx3_3_4\physx-3.3\physxsdk\source\compiler\vc14win32\win32\lowlevel\debug\pxsfluidcollision.obj
c:\cpsc\cpsc585\physx3_3_4\physx-3.3\physxsdk\source\compiler\vc14win32\win32\lowlevel\debug\pxsfluidcollisionplane.obj
c:\cpsc\cpsc585\physx3_3_4\physx-3.3\physxsdk\source\compiler\vc14win32\win32\lowlevel\debug\pxsfluidspatiallocalhash.obj
c:\cpsc\cpsc585\physx3_3_4\physx-3.3\physxsdk\source\compiler\vc14win32\win32\lowlevel\debug\pxsislandmanageraux.obj
c:\cpsc\cpsc585\physx3_3_4\physx-3.3\physxsdk\source\compiler\vc14win32\win32\lowlevel\debug\pxsparticledata.obj
c:\cpsc\cpsc585\physx3_3_4\physx-3.3\physxsdk\source\compiler\vc14win32\win32\lowlevel\debug\pxsparticlesystemsim.obj
c:\cpsc\cpsc585\physx3_3_4\physx-3.3\physxsdk\source\compiler\vc14win32\win32\lowlevel\debug\pxssimobjectfactory.obj
c:\cpsc\cpsc585\physx3_3_4\physx-3.3\physxsdk\source\compiler\vc14win32\win32\lowlevel\debug\pxssolverconstraintext.obj
c:\cpsc\cpsc585\physx3_3_4\physx-3.3\physxsdk\source\compiler\vc14win32\win32\lowlevel\debug\pxssolvercontactsimdblockpf.obj
c:\cpsc\cpsc585\physx3_3_4\physx-3.3\physxsdk\source\compiler\vc14win32\win32\lowlevel\debug\pxssolvercoresimd.obj
c:\cpsc\cpsc585\physx3_3_4\physx-3.3\physxsdk\source\compiler\vc14win32\win32\lowlevel\debug\pxssolverext.obj
c:\cpsc\cpsc585\physx3_3_4\physx-3.3\physxsdk\source\compiler\vc14win32\win32\lowlevel\debug\pxccontactboxheightfield.obj
c:\cpsc\cpsc585\physx3_3_4\physx-3.3\physxsdk\source\compiler\vc14win32\win32\lowlevel\debug\pxccontactcapsuleconvex.obj
c:\cpsc\cpsc585\physx3_3_4\physx-3.3\physxsdk\source\compiler\vc14win32\win32\lowlevel\debug\pxccontactconvexmesh2.obj
c:\cpsc\cpsc585\physx3_3_4\physx-3.3\physxsdk\source\compiler\vc14win32\win32\lowlevel\debug\pxccontactplaneconvex.obj
c:\cpsc\cpsc585\physx3_3_4\physx-3.3\physxsdk\source\compiler\vc14win32\win32\lowlevel\debug\pxccontactspheremesh.obj
c:\cpsc\cpsc585\physx3_3_4\physx-3.3\physxsdk\source\compiler\vc14win32\win32\lowlevel\debug\pxcpcmcontactboxconvex.obj
c:\cpsc\cpsc585\physx3_3_4\physx-3.3\physxsdk\source\compiler\vc14win32\win32\lowlevel\debug\pxcpcmcontactcapsulecapsule.obj
c:\cpsc\cpsc585\physx3_3_4\physx-3.3\physxsdk\source\compiler\vc14win32\win32\lowlevel\debug\pxcpcmcontactconvexconvex.obj
c:\cpsc\cpsc585\physx3_3_4\physx-3.3\physxsdk\source\compiler\vc14win32\win32\lowlevel\debug\pxcpcmcontactplanecapsule.obj
c:\cpsc\cpsc585\physx3_3_4\physx-3.3\physxsdk\source\compiler\vc14win32\win32\lowlevel\debug\pxcpcmcontactsphereconvex.obj
c:\cpsc\cpsc585\physx3_3_4\physx-3.3\physxsdk\source\compiler\vc14win32\win32\lowlevel\debug\pxcpcmcontactspheresphere.obj
c:\cpsc\cpsc585\physx3_3_4\physx-3.3\physxsdk\source\compiler\vc14win32\win32\lowlevel\debug\pxcarticulationsimd.obj
c:\cpsc\cpsc585\physx3_3_4\physx-3.3\physxsdk\source\compiler\vc14win32\win32\lowlevel\debug\pxcfrictioncorrelation.obj
c:\cpsc\cpsc585\physx3_3_4\physx-3.3\physxsdk\source\compiler\vc14win32\win32\lowlevel\debug\pxcnpbatch.obj
c:\cpsc\cpsc585\physx3_3_4\physx-3.3\physxsdk\source\compiler\vc14win32\win32\lowlevel\debug\pxcnpmemblockpool.obj
c:\cpsc\cpsc585\physx3_3_4\physx-3.3\physxsdk\source\compiler\vc14win32\win32\lowlevel\debug\pxcnpthreadcontext.obj
c:\cpsc\cpsc585\physx3_3_4\physx-3.3\physxsdk\source\compiler\vc14win32\win32\lowlevel\debug\px_globals.obj
c:\cpsc\cpsc585\physx3_3_4\physx-3.3\physxsdk\source\compiler\vc14win32\win32\lowlevel\debug\pxsbroadphasesap.obj
c:\cpsc\cpsc585\physx3_3_4\physx-3.3\physxsdk\source\compiler\vc14win32\win32\lowlevel\debug\pxsconstraint.obj
c:\cpsc\cpsc585\physx3_3_4\physx-3.3\physxsdk\source\compiler\vc14win32\win32\lowlevel\debug\pxsdynamics.obj
c:\cpsc\cpsc585\physx3_3_4\physx-3.3\physxsdk\source\compiler\vc14win32\win32\lowlevel\debug\pxsfluidcollisionmesh.obj
c:\cpsc\cpsc585\physx3_3_4\physx-3.3\physxsdk\source\compiler\vc14win32\win32\lowlevel\debug\pxsfluidspatialhash.obj
c:\cpsc\cpsc585\physx3_3_4\physx-3.3\physxsdk\source\compiler\vc14win32\win32\lowlevel\debug\pxsmaterialcombiner.obj
c:\cpsc\cpsc585\physx3_3_4\physx-3.3\physxsdk\source\compiler\vc14win32\win32\lowlevel\debug\pxsmbptasks.obj
c:\cpsc\cpsc585\physx3_3_4\physx-3.3\physxsdk\source\compiler\vc14win32\win32\lowlevel\debug\pxsrigidbody.obj
c:\cpsc\cpsc585\physx3_3_4\physx-3.3\physxsdk\source\compiler\vc14win32\win32\lowlevel\debug\pxssolverconstraintextpf.obj
c:\cpsc\cpsc585\physx3_3_4\physx-3.3\physxsdk\source\compiler\vc14win32\win32\lowlevel\debug\pxssolvercontactsimdpf.obj
c:\cpsc\cpsc585\physx3_3_4\physx-3.3\physxsdk\source\compiler\vc14win32\win32\lowlevel\debug\pxssolvercoresimdblock.obj
c:\cpsc\cpsc585\physx3_3_4\physx-3.3\physxsdk\source\compiler\vc14win32\win32\lowlevel\debug\pxssolverextpf.obj
c:\cpsc\cpsc585\physx3_3_4\physx-3.3\physxsdk\source\compiler\vc14win32\win32\lowlevel\debug\pxccontactboxmesh.obj
c:\cpsc\cpsc585\physx3_3_4\physx-3.3\physxsdk\source\compiler\vc14win32\win32\lowlevel\debug\pxccontactcapsulecapsule.obj
c:\cpsc\cpsc585\physx3_3_4\physx-3.3\physxsdk\source\compiler\vc14win32\win32\lowlevel\debug\pxccontactconvexconvex.obj
c:\cpsc\cpsc585\physx3_3_4\physx-3.3\physxsdk\source\compiler\vc14win32\win32\lowlevel\debug\pxccontactplanecapsule.obj
c:\cpsc\cpsc585\physx3_3_4\physx-3.3\physxsdk\source\compiler\vc14win32\win32\lowlevel\debug\pxccontactsphereheightfield.obj
c:\cpsc\cpsc585\physx3_3_4\physx-3.3\physxsdk\source\compiler\vc14win32\win32\lowlevel\debug\pxcpcmcontactboxbox.obj
c:\cpsc\cpsc585\physx3_3_4\physx-3.3\physxsdk\source\compiler\vc14win32\win32\lowlevel\debug\pxcpcmcontactcapsulebox.obj
c:\cpsc\cpsc585\physx3_3_4\physx-3.3\physxsdk\source\compiler\vc14win32\win32\lowlevel\debug\pxcpcmcontactcapsulemesh.obj
c:\cpsc\cpsc585\physx3_3_4\physx-3.3\physxsdk\source\compiler\vc14win32\win32\lowlevel\debug\pxcpcmcontactconvexmesh.obj
c:\cpsc\cpsc585\physx3_3_4\physx-3.3\physxsdk\source\compiler\vc14win32\win32\lowlevel\debug\pxcpcmcontactspherebox.obj
c:\cpsc\cpsc585\physx3_3_4\physx-3.3\physxsdk\source\compiler\vc14win32\win32\lowlevel\debug\pxcpcmcontactspheremesh.obj
c:\cpsc\cpsc585\physx3_3_4\physx-3.3\physxsdk\source\compiler\vc14win32\win32\lowlevel\debug\pxcsweepconvexmesh.obj
c:\cpsc\cpsc585\physx3_3_4\physx-3.3\physxsdk\source\compiler\vc14win32\win32\lowlevel\debug\pxcmaterialmethodimpl.obj
c:\cpsc\cpsc585\physx3_3_4\physx-3.3\physxsdk\source\compiler\vc14win32\win32\lowlevel\debug\pxcmaterialshape.obj
c:\cpsc\cpsc585\physx3_3_4\physx-3.3\physxsdk\source\compiler\vc14win32\win32\lowlevel\debug\pxcnpcontactpreppf.obj
c:\cpsc\cpsc585\physx3_3_4\physx-3.3\physxsdk\source\compiler\vc14win32\win32\lowlevel\debug\pxsaabbmanager.obj
c:\cpsc\cpsc585\physx3_3_4\physx-3.3\physxsdk\source\compiler\vc14win32\win32\lowlevel\debug\pxsbroadphasecommon.obj
c:\cpsc\cpsc585\physx3_3_4\physx-3.3\physxsdk\source\compiler\vc14win32\win32\lowlevel\debug\pxsbroadphasesapaux.obj
c:\cpsc\cpsc585\physx3_3_4\physx-3.3\physxsdk\source\compiler\vc14win32\win32\lowlevel\debug\pxsccd.obj
c:\cpsc\cpsc585\physx3_3_4\physx-3.3\physxsdk\source\compiler\vc14win32\win32\lowlevel\debug\pxscontext.obj
c:\cpsc\cpsc585\physx3_3_4\physx-3.3\physxsdk\source\compiler\vc14win32\win32\lowlevel\debug\pxsfluidcollisionsphere.obj
c:\cpsc\cpsc585\physx3_3_4\physx-3.3\physxsdk\source\compiler\vc14win32\win32\lowlevel\debug\pxsislandmanager.obj
c:\cpsc\cpsc585\physx3_3_4\physx-3.3\physxsdk\source\compiler\vc14win32\win32\lowlevel\debug\pxsparticleshape.obj
c:\cpsc\cpsc585\physx3_3_4\physx-3.3\physxsdk\source\compiler\vc14win32\win32\lowlevel\debug\pxsrigidbodytosolverbody.obj
c:\cpsc\cpsc585\physx3_3_4\physx-3.3\physxsdk\source\compiler\vc14win32\win32\lowlevel\debug\pxssolverconstraint1d.obj
c:\cpsc\cpsc585\physx3_3_4\physx-3.3\physxsdk\source\compiler\vc14win32\win32\lowlevel\debug\pxssolvercontactscalar.obj
c:\cpsc\cpsc585\physx3_3_4\physx-3.3\physxsdk\source\compiler\vc14win32\win32\lowlevel\debug\pxssolvercontactsimd.obj
c:\cpsc\cpsc585\physx3_3_4\physx-3.3\physxsdk\source\compiler\vc14win32\win32\lowlevel\debug\pxssolvercoregeneral.obj
c:\cpsc\cpsc585\physx3_3_4\physx-3.3\physxsdk\source\compiler\vc14win32\win32\lowlevel\debug\pxssolvercoresimdpf.obj
c:\cpsc\cpsc585\physx3_3_4\physx-3.3\physxsdk\source\compiler\vc14win32\win32\lowlevel\debug\pxccontactboxbox.obj
c:\cpsc\cpsc585\physx3_3_4\physx-3.3\physxsdk\source\compiler\vc14win32\win32\lowlevel\debug\pxccontactcapsulebox.obj
c:\cpsc\cpsc585\physx3_3_4\physx-3.3\physxsdk\source\compiler\vc14win32\win32\lowlevel\debug\pxccontactcapsulemesh.obj
c:\cpsc\cpsc585\physx3_3_4\physx-3.3\physxsdk\source\compiler\vc14win32\win32\lowlevel\debug\pxccontactplanebox.obj
c:\cpsc\cpsc585\physx3_3_4\physx-3.3\physxsdk\source\compiler\vc14win32\win32\lowlevel\debug\pxccontactspherebox.obj
c:\cpsc\cpsc585\physx3_3_4\physx-3.3\physxsdk\source\compiler\vc14win32\win32\lowlevel\debug\pxccontactsphereplane.obj
c:\cpsc\cpsc585\physx3_3_4\physx-3.3\physxsdk\source\compiler\vc14win32\win32\lowlevel\debug\pxcpcmcontactboxmesh.obj
c:\cpsc\cpsc585\physx3_3_4\physx-3.3\physxsdk\source\compiler\vc14win32\win32\lowlevel\debug\pxcpcmcontactcapsuleheightfield.obj
c:\cpsc\cpsc585\physx3_3_4\physx-3.3\physxsdk\source\compiler\vc14win32\win32\lowlevel\debug\pxcpcmcontactplanebox.obj
c:\cpsc\cpsc585\physx3_3_4\physx-3.3\physxsdk\source\compiler\vc14win32\win32\lowlevel\debug\pxcpcmcontactspherecapsule.obj
c:\cpsc\cpsc585\physx3_3_4\physx-3.3\physxsdk\source\compiler\vc14win32\win32\lowlevel\debug\pxcpcmcontactsphereplane.obj
c:\cpsc\cpsc585\physx3_3_4\physx-3.3\physxsdk\source\compiler\vc14win32\win32\lowlevel\debug\pxcarticulationscalar.obj
c:\cpsc\cpsc585\physx3_3_4\physx-3.3\physxsdk\source\compiler\vc14win32\win32\lowlevel\debug\pxccontactcache.obj
c:\cpsc\cpsc585\physx3_3_4\physx-3.3\physxsdk\source\compiler\vc14win32\win32\lowlevel\debug\pxcmaterialheightfield.obj
c:\cpsc\cpsc585\physx3_3_4\physx-3.3\physxsdk\source\compiler\vc14win32\win32\lowlevel\debug\pxcnpcachestreampair.obj
c:\cpsc\cpsc585\physx3_3_4\physx-3.3\physxsdk\source\compiler\vc14win32\win32\lowlevel\debug\pxcnpcontactprepsimdpf.obj
c:\cpsc\cpsc585\physx3_3_4\physx-3.3\physxsdk\source\compiler\vc14win32\win32\lowlevel\debug\pxcpoolmalloc.obj
c:\cpsc\cpsc585\physx3_3_4\physx-3.3\physxsdk\lib\vc14win32\lowleveldebug.pdb
c:\cpsc\cpsc585\physx3_3_4\physx-3.3\physxsdk\lib\vc14win32\lowleveldebug.lib
c:\cpsc\cpsc585\physx3_3_4\physx-3.3\physxsdk\source\compiler\vc14win32\./../../../lib/vc14win32\lowleveldebug.lib
c:\cpsc\cpsc585\physx3_3_4\physx-3.3\physxsdk\source\compiler\vc14win32\win32\lowlevel\debug\lowlevel.tlog\cl.command.1.tlog
c:\cpsc\cpsc585\physx3_3_4\physx-3.3\physxsdk\source\compiler\vc14win32\win32\lowlevel\debug\lowlevel.tlog\cl.read.1.tlog
c:\cpsc\cpsc585\physx3_3_4\physx-3.3\physxsdk\source\compiler\vc14win32\win32\lowlevel\debug\lowlevel.tlog\cl.write.1.tlog
c:\cpsc\cpsc585\physx3_3_4\physx-3.3\physxsdk\source\compiler\vc14win32\win32\lowlevel\debug\lowlevel.tlog\lib-link.read.1.tlog
c:\cpsc\cpsc585\physx3_3_4\physx-3.3\physxsdk\source\compiler\vc14win32\win32\lowlevel\debug\lowlevel.tlog\lib-link.write.1.tlog
c:\cpsc\cpsc585\physx3_3_4\physx-3.3\physxsdk\source\compiler\vc14win32\win32\lowlevel\debug\lowlevel.tlog\lib.command.1.tlog
