  px_globals.cpp
  PxsRigidBodyAccessGpu.cpp
  PxsAABBManager.cpp
  PxsAABBManagerAux.cpp
  PxsAABBManagerTasks.cpp
  PxsArticulation.cpp
  PxsBodyTransformVault.cpp
  PxsBroadPhaseCommon.cpp
  PxsBroadPhaseMBP.cpp
  PxsBroadPhaseSap.cpp
  PxsBroadPhaseSapAux.cpp
  PxsCCD.cpp
  PxsConstraint.cpp
  PxsConstraintPartition.cpp
  PxsConstraintSetup.cpp
  PxsConstraintSetupBlock.cpp
  PxsContactManager.cpp
  PxsContext.cpp
  PxsDynamics.cpp
  PxsFluidCollision.cpp
  PxsFluidCollisionBox.cpp
  PxsFluidCollisionCapsule.cpp
  PxsFluidCollisionConvex.cpp
  PxsFluidCollisionMesh.cpp
  PxsFluidCollisionPlane.cpp
  PxsFluidCollisionSphere.cpp
  PxsFluidDynamics.cpp
  PxsFluidSpatialHash.cpp
  PxsFluidSpatialLocalHash.cpp
  PxsIslandManager.cpp
  PxsIslandManagerAux.cpp
  PxsMaterialCombiner.cpp
  PxsMBPTasks.cpp
  PxsParticleData.cpp
  PxsParticleShape.cpp
  PxsParticleSystemBatcher.cpp
  PxsParticleSystemSim.cpp
  PxsRigidBody.cpp
  PxsRigidBodyToSolverBody.cpp
  PxsSAPTasks.cpp
  PxsSimObjectFactory.cpp
  PxsSolverConstraint1D.cpp
  PxsSolverConstraintExt.cpp
  PxsSolverConstraintExtPF.cpp
  PxsSolverContactScalar.cpp
  PxsSolverContactSIMD.cpp
  PxsSolverContactSIMDBlock.cpp
  PxsSolverContactSIMDBlockPF.cpp
  PxsSolverContactSIMDPF.cpp
  PxsSolverCoreGeneral.cpp
  PxsSolverCoreScalar.cpp
  PxsSolverCoreSIMD.cpp
  PxsSolverCoreSIMDBlock.cpp
  PxsSolverCoreSIMDBlockPF.cpp
  PxsSolverCoreSIMDPF.cpp
  PxsSolverExt.cpp
  PxsSolverExtPF.cpp
  PxsThreadContext.cpp
  PxcContactBoxBox.cpp
  PxcContactBoxHeightField.cpp
  PxcContactBoxMesh.cpp
  PxcContactCapsuleBox.cpp
  PxcContactCapsuleCapsule.cpp
  PxcContactCapsuleConvex.cpp
  PxcContactCapsuleHeightField.cpp
  PxcContactCapsuleMesh.cpp
  PxcContactConvexConvex.cpp
  PxcContactConvexHeightField.cpp
  PxcContactConvexMesh2.cpp
  PxcContactPlaneBox.cpp
  PxcContactPlaneCapsule.cpp
  PxcContactPlaneConvex.cpp
  PxcContactSphereBox.cpp
  PxcContactSphereCapsule.cpp
  PxcContactSphereHeightField.cpp
  PxcContactSphereMesh.cpp
  PxcContactSpherePlane.cpp
  PxcContactSphereSphere.cpp
  PxcPCMContactBoxBox.cpp
  PxcPCMContactBoxConvex.cpp
  PxcPCMContactBoxHeightField.cpp
  PxcPCMContactBoxMesh.cpp
  PxcPCMContactCapsuleBox.cpp
  PxcPCMContactCapsuleCapsule.cpp
  PxcPCMContactCapsuleConvex.cpp
  PxcPCMContactCapsuleHeightField.cpp
  PxcPCMContactCapsuleMesh.cpp
  PxcPCMContactConvexConvex.cpp
  PxcPCMContactConvexHeightField.cpp
  PxcPCMContactConvexMesh.cpp
  PxcPCMContactPlaneBox.cpp
  PxcPCMContactPlaneCapsule.cpp
  PxcPCMContactPlaneConvex.cpp
  PxcPCMContactSphereBox.cpp
  PxcPCMContactSphereCapsule.cpp
  PxcPCMContactSphereConvex.cpp
  PxcPCMContactSphereHeightField.cpp
  PxcPCMContactSphereMesh.cpp
  PxcPCMContactSpherePlane.cpp
  PxcPCMContactSphereSphere.cpp
  PxcSweepConvexMesh.cpp
  PxcArticulationHelper.cpp
  PxcArticulationScalar.cpp
  PxcArticulationSIMD.cpp
  PxcContactCache.cpp
  PxcContactMethodImpl.cpp
  PxcFrictionCorrelation.cpp
  PxcFrictionPatchStreamPair.cpp
  PxcMaterialHeightField.cpp
  PxcMaterialMesh.cpp
  PxcMaterialMethodImpl.cpp
  PxcMaterialShape.cpp
  PxcNpBatch.cpp
  PxcNpCacheStreamPair.cpp
  PxcNpContactPrep.cpp
  PxcNpContactPrepPF.cpp
  PxcNpContactPrepSIMDPF.cpp
  PxcNpMemBlockPool.cpp
  PxcNpThreadContext.cpp
  PxcPoolMalloc.cpp
PxcNpContactPrepSIMDPF.obj : warning LNK4221: This object file does not define any previously undefined public symbols, so it will not be used by any link operation that consumes this library
PxsSolverConstraint1D.obj : warning LNK4221: This object file does not define any previously undefined public symbols, so it will not be used by any link operation that consumes this library
  LowLevel.vcxproj -> C:\CPSC\CPSC585\PhysX3_3_4\PhysX-3.3\PhysXSDK\Source\compiler\vc14win32\./../../../Lib/vc14win32\LowLevelDEBUG.lib
