c:\cpsc\cpsc585\physx3_3_4\physx-3.3\physxsdk\source\compiler\vc14win32\win32\physx\debug\npparticlefluid.obj
c:\cpsc\cpsc585\physx3_3_4\physx-3.3\physxsdk\source\compiler\vc14win32\win32\physx\debug\scbparticlesystem.obj
c:\cpsc\cpsc585\physx3_3_4\physx-3.3\physxsdk\source\compiler\vc14win32\win32\physx\debug\npcloth.obj
c:\cpsc\cpsc585\physx3_3_4\physx-3.3\physxsdk\source\compiler\vc14win32\win32\physx\debug\npaggregate.obj
c:\cpsc\cpsc585\physx3_3_4\physx-3.3\physxsdk\source\compiler\vc14win32\win32\physx\debug\npbatchquery.obj
c:\cpsc\cpsc585\physx3_3_4\physx-3.3\physxsdk\source\compiler\vc14win32\win32\physx\debug\npmaterial.obj
c:\cpsc\cpsc585\physx3_3_4\physx-3.3\physxsdk\source\compiler\vc14win32\win32\physx\debug\nppvdscenequerycollector.obj
c:\cpsc\cpsc585\physx3_3_4\physx-3.3\physxsdk\source\compiler\vc14win32\win32\physx\debug\nprigiddynamic.obj
c:\cpsc\cpsc585\physx3_3_4\physx-3.3\physxsdk\source\compiler\vc14win32\win32\physx\debug\npserializeradapter.obj
c:\cpsc\cpsc585\physx3_3_4\physx-3.3\physxsdk\source\compiler\vc14win32\win32\physx\debug\pxautogeneratedmetadataobjects.obj
c:\cpsc\cpsc585\physx3_3_4\physx-3.3\physxsdk\source\compiler\vc14win32\win32\physx\debug\scbaggregate.obj
c:\cpsc\cpsc585\physx3_3_4\physx-3.3\physxsdk\source\compiler\vc14win32\win32\physx\debug\scbbase.obj
c:\cpsc\cpsc585\physx3_3_4\physx-3.3\physxsdk\source\compiler\vc14win32\win32\physx\debug\scbscene.obj
c:\cpsc\cpsc585\physx3_3_4\physx-3.3\physxsdk\source\compiler\vc14win32\win32\physx\debug\grbevents.obj
c:\cpsc\cpsc585\physx3_3_4\physx-3.3\physxsdk\source\compiler\vc14win32\win32\physx\debug\nparticulationjoint.obj
c:\cpsc\cpsc585\physx3_3_4\physx-3.3\physxsdk\source\compiler\vc14win32\win32\physx\debug\npfactory.obj
c:\cpsc\cpsc585\physx3_3_4\physx-3.3\physxsdk\source\compiler\vc14win32\win32\physx\debug\npreadcheck.obj
c:\cpsc\cpsc585\physx3_3_4\physx-3.3\physxsdk\source\compiler\vc14win32\win32\physx\debug\npscene.obj
c:\cpsc\cpsc585\physx3_3_4\physx-3.3\physxsdk\source\compiler\vc14win32\win32\physx\debug\npspatialindex.obj
c:\cpsc\cpsc585\physx3_3_4\physx-3.3\physxsdk\source\compiler\vc14win32\win32\physx\debug\npvolumecache.obj
c:\cpsc\cpsc585\physx3_3_4\physx-3.3\physxsdk\source\compiler\vc14win32\win32\physx\debug\scbactor.obj
c:\cpsc\cpsc585\physx3_3_4\physx-3.3\physxsdk\source\compiler\vc14win32\win32\physx\debug\scbcloth.obj
c:\cpsc\cpsc585\physx3_3_4\physx-3.3\physxsdk\source\compiler\vc14win32\win32\physx\debug\scbshape.obj
c:\cpsc\cpsc585\physx3_3_4\physx-3.3\physxsdk\source\compiler\vc14win32\win32\physx\debug\npclothparticledata.obj
c:\cpsc\cpsc585\physx3_3_4\physx-3.3\physxsdk\source\compiler\vc14win32\win32\physx\debug\nparticulation.obj
c:\cpsc\cpsc585\physx3_3_4\physx-3.3\physxsdk\source\compiler\vc14win32\win32\physx\debug\npconstraint.obj
c:\cpsc\cpsc585\physx3_3_4\physx-3.3\physxsdk\source\compiler\vc14win32\win32\physx\debug\npphysics.obj
c:\cpsc\cpsc585\physx3_3_4\physx-3.3\physxsdk\source\compiler\vc14win32\win32\physx\debug\npscenequeries.obj
c:\cpsc\cpsc585\physx3_3_4\physx-3.3\physxsdk\source\compiler\vc14win32\win32\physx\debug\npshapemanager.obj
c:\cpsc\cpsc585\physx3_3_4\physx-3.3\physxsdk\source\compiler\vc14win32\win32\physx\debug\pxmetadataobjects.obj
c:\cpsc\cpsc585\physx3_3_4\physx-3.3\physxsdk\source\compiler\vc14win32\win32\physx\debug\npparticlesystem.obj
c:\cpsc\cpsc585\physx3_3_4\physx-3.3\physxsdk\source\compiler\vc14win32\win32\physx\debug\scbmetadata.obj
c:\cpsc\cpsc585\physx3_3_4\physx-3.3\physxsdk\source\compiler\vc14win32\win32\physx\debug\npclothfabric.obj
c:\cpsc\cpsc585\physx3_3_4\physx-3.3\physxsdk\source\compiler\vc14win32\win32\physx\debug\npactor.obj
c:\cpsc\cpsc585\physx3_3_4\physx-3.3\physxsdk\source\compiler\vc14win32\win32\physx\debug\nparticulationlink.obj
c:\cpsc\cpsc585\physx3_3_4\physx-3.3\physxsdk\source\compiler\vc14win32\win32\physx\debug\npmetadata.obj
c:\cpsc\cpsc585\physx3_3_4\physx-3.3\physxsdk\source\compiler\vc14win32\win32\physx\debug\nprigidstatic.obj
c:\cpsc\cpsc585\physx3_3_4\physx-3.3\physxsdk\source\compiler\vc14win32\win32\physx\debug\npshape.obj
c:\cpsc\cpsc585\physx3_3_4\physx-3.3\physxsdk\source\compiler\vc14win32\win32\physx\debug\npwritecheck.obj
c:\cpsc\cpsc585\physx3_3_4\physx-3.3\physxsdk\bin\vc14win32\physx3debug_x86.pdb
c:\cpsc\cpsc585\physx3_3_4\physx-3.3\physxsdk\source\compiler\vc14win32\win32\physx\debug\npwindowsdelayloadhook.obj
c:\cpsc\cpsc585\physx3_3_4\physx-3.3\physxsdk\bin\vc14win32\physx3debug_x86.ilk
c:\cpsc\cpsc585\physx3_3_4\physx-3.3\physxsdk\bin\vc14win32\physx3debug_x86.dll
c:\cpsc\cpsc585\physx3_3_4\physx-3.3\physxsdk\bin\vc14win32\physx3debug_x86.map
c:\cpsc\cpsc585\physx3_3_4\physx-3.3\physxsdk\lib\vc14win32\physx3debug_x86.lib
c:\cpsc\cpsc585\physx3_3_4\physx-3.3\physxsdk\lib\vc14win32\physx3debug_x86.exp
c:\cpsc\cpsc585\physx3_3_4\physx-3.3\physxsdk\source\compiler\vc14win32\win32\physx\debug\physx3.res
c:\cpsc\cpsc585\physx3_3_4\physx-3.3\physxsdk\source\compiler\vc14win32\./../../../bin/vc14win32\physx3debug_x86.dll
c:\cpsc\cpsc585\physx3_3_4\physx-3.3\physxsdk\source\compiler\vc14win32\win32\physx\debug\physx.tlog\cl.command.1.tlog
c:\cpsc\cpsc585\physx3_3_4\physx-3.3\physxsdk\source\compiler\vc14win32\win32\physx\debug\physx.tlog\cl.read.1.tlog
c:\cpsc\cpsc585\physx3_3_4\physx-3.3\physxsdk\source\compiler\vc14win32\win32\physx\debug\physx.tlog\cl.write.1.tlog
c:\cpsc\cpsc585\physx3_3_4\physx-3.3\physxsdk\source\compiler\vc14win32\win32\physx\debug\physx.tlog\link.command.1.tlog
c:\cpsc\cpsc585\physx3_3_4\physx-3.3\physxsdk\source\compiler\vc14win32\win32\physx\debug\physx.tlog\link.read.1.tlog
c:\cpsc\cpsc585\physx3_3_4\physx-3.3\physxsdk\source\compiler\vc14win32\win32\physx\debug\physx.tlog\link.write.1.tlog
c:\cpsc\cpsc585\physx3_3_4\physx-3.3\physxsdk\source\compiler\vc14win32\win32\physx\debug\physx.tlog\physx.write.1u.tlog
c:\cpsc\cpsc585\physx3_3_4\physx-3.3\physxsdk\source\compiler\vc14win32\win32\physx\debug\physx.tlog\rc.command.1.tlog
c:\cpsc\cpsc585\physx3_3_4\physx-3.3\physxsdk\source\compiler\vc14win32\win32\physx\debug\physx.tlog\rc.read.1.tlog
c:\cpsc\cpsc585\physx3_3_4\physx-3.3\physxsdk\source\compiler\vc14win32\win32\physx\debug\physx.tlog\rc.write.1.tlog
