c:\cpsc\cpsc585\physx3_3_4\physx-3.3\physxsdk\source\compiler\vc14win32\win32\lowlevelcloth\debug\swcloth.obj
c:\cpsc\cpsc585\physx3_3_4\physx-3.3\physxsdk\source\compiler\vc14win32\win32\lowlevelcloth\debug\swfactory.obj
c:\cpsc\cpsc585\physx3_3_4\physx-3.3\physxsdk\source\compiler\vc14win32\win32\lowlevelcloth\debug\factory.obj
c:\cpsc\cpsc585\physx3_3_4\physx-3.3\physxsdk\source\compiler\vc14win32\win32\lowlevelcloth\debug\swfabric.obj
c:\cpsc\cpsc585\physx3_3_4\physx-3.3\physxsdk\source\compiler\vc14win32\win32\lowlevelcloth\debug\swselfcollision.obj
c:\cpsc\cpsc585\physx3_3_4\physx-3.3\physxsdk\source\compiler\vc14win32\win32\lowlevelcloth\debug\tripletscheduler.obj
c:\cpsc\cpsc585\physx3_3_4\physx-3.3\physxsdk\source\compiler\vc14win32\win32\lowlevelcloth\debug\phaseconfig.obj
c:\cpsc\cpsc585\physx3_3_4\physx-3.3\physxsdk\source\compiler\vc14win32\win32\lowlevelcloth\debug\swclothdata.obj
c:\cpsc\cpsc585\physx3_3_4\physx-3.3\physxsdk\source\compiler\vc14win32\win32\lowlevelcloth\debug\swintercollision.obj
c:\cpsc\cpsc585\physx3_3_4\physx-3.3\physxsdk\source\compiler\vc14win32\win32\lowlevelcloth\debug\swsolverkernel.obj
c:\cpsc\cpsc585\physx3_3_4\physx-3.3\physxsdk\source\compiler\vc14win32\win32\lowlevelcloth\debug\allocator.obj
c:\cpsc\cpsc585\physx3_3_4\physx-3.3\physxsdk\source\compiler\vc14win32\win32\lowlevelcloth\debug\swcollision.obj
c:\cpsc\cpsc585\physx3_3_4\physx-3.3\physxsdk\source\compiler\vc14win32\win32\lowlevelcloth\debug\swsolver.obj
c:\cpsc\cpsc585\physx3_3_4\physx-3.3\physxsdk\lib\vc14win32\lowlevelclothdebug.pdb
c:\cpsc\cpsc585\physx3_3_4\physx-3.3\physxsdk\source\compiler\vc14win32\win32\lowlevelcloth\debug\avx\swsolveconstraints.obj
c:\cpsc\cpsc585\physx3_3_4\physx-3.3\physxsdk\lib\vc14win32\lowlevelclothdebug.lib
c:\cpsc\cpsc585\physx3_3_4\physx-3.3\physxsdk\source\compiler\vc14win32\./../../../lib/vc14win32\lowlevelclothdebug.lib
c:\cpsc\cpsc585\physx3_3_4\physx-3.3\physxsdk\source\compiler\vc14win32\win32\lowlevelcloth\debug\lowlevelcloth.tlog\cl.command.1.tlog
c:\cpsc\cpsc585\physx3_3_4\physx-3.3\physxsdk\source\compiler\vc14win32\win32\lowlevelcloth\debug\lowlevelcloth.tlog\cl.read.1.tlog
c:\cpsc\cpsc585\physx3_3_4\physx-3.3\physxsdk\source\compiler\vc14win32\win32\lowlevelcloth\debug\lowlevelcloth.tlog\cl.write.1.tlog
c:\cpsc\cpsc585\physx3_3_4\physx-3.3\physxsdk\source\compiler\vc14win32\win32\lowlevelcloth\debug\lowlevelcloth.tlog\custombuild.command.1.tlog
c:\cpsc\cpsc585\physx3_3_4\physx-3.3\physxsdk\source\compiler\vc14win32\win32\lowlevelcloth\debug\lowlevelcloth.tlog\custombuild.read.1.tlog
c:\cpsc\cpsc585\physx3_3_4\physx-3.3\physxsdk\source\compiler\vc14win32\win32\lowlevelcloth\debug\lowlevelcloth.tlog\custombuild.write.1.tlog
c:\cpsc\cpsc585\physx3_3_4\physx-3.3\physxsdk\source\compiler\vc14win32\win32\lowlevelcloth\debug\lowlevelcloth.tlog\lib-link.read.1.tlog
c:\cpsc\cpsc585\physx3_3_4\physx-3.3\physxsdk\source\compiler\vc14win32\win32\lowlevelcloth\debug\lowlevelcloth.tlog\lib-link.write.1.tlog
c:\cpsc\cpsc585\physx3_3_4\physx-3.3\physxsdk\source\compiler\vc14win32\win32\lowlevelcloth\debug\lowlevelcloth.tlog\lib.command.1.tlog
