c:\cpsc\cpsc585\physx3_3_4\physx-3.3\physxsdk\source\compiler\vc14win32\win32\physxcommon\debug\pswindowsatomic.obj
c:\cpsc\cpsc585\physx3_3_4\physx-3.3\physxsdk\source\compiler\vc14win32\win32\physxcommon\debug\pswindowspaeventsrc.obj
c:\cpsc\cpsc585\physx3_3_4\physx-3.3\physxsdk\source\compiler\vc14win32\win32\physxcommon\debug\pswindowssync.obj
c:\cpsc\cpsc585\physx3_3_4\physx-3.3\physxsdk\source\compiler\vc14win32\win32\physxcommon\debug\psassert.obj
c:\cpsc\cpsc585\physx3_3_4\physx-3.3\physxsdk\source\compiler\vc14win32\win32\physxcommon\debug\psfastipc.obj
c:\cpsc\cpsc585\physx3_3_4\physx-3.3\physxsdk\source\compiler\vc14win32\win32\physxcommon\debug\cmcollection.obj
c:\cpsc\cpsc585\physx3_3_4\physx-3.3\physxsdk\source\compiler\vc14win32\win32\physxcommon\debug\cmptrtable.obj
c:\cpsc\cpsc585\physx3_3_4\physx-3.3\physxsdk\source\compiler\vc14win32\win32\physxcommon\debug\gucontactconvexmesh.obj
c:\cpsc\cpsc585\physx3_3_4\physx-3.3\physxsdk\source\compiler\vc14win32\win32\physxcommon\debug\guconvexhelper.obj
c:\cpsc\cpsc585\physx3_3_4\physx-3.3\physxsdk\source\compiler\vc14win32\win32\physxcommon\debug\gucubeindex.obj
c:\cpsc\cpsc585\physx3_3_4\physx-3.3\physxsdk\source\compiler\vc14win32\win32\physxcommon\debug\gushapeconvex.obj
c:\cpsc\cpsc585\physx3_3_4\physx-3.3\physxsdk\source\compiler\vc14win32\win32\physxcommon\debug\gusweepboxtriangle_featurebased.obj
c:\cpsc\cpsc585\physx3_3_4\physx-3.3\physxsdk\source\compiler\vc14win32\win32\physxcommon\debug\gusweepspherecapsule.obj
c:\cpsc\cpsc585\physx3_3_4\physx-3.3\physxsdk\source\compiler\vc14win32\win32\physxcommon\debug\guepa.obj
c:\cpsc\cpsc585\physx3_3_4\physx-3.3\physxsdk\source\compiler\vc14win32\win32\physxcommon\debug\guepapenetrationwrapper.obj
c:\cpsc\cpsc585\physx3_3_4\physx-3.3\physxsdk\source\compiler\vc14win32\win32\physxcommon\debug\gugjksimplextesselation.obj
c:\cpsc\cpsc585\physx3_3_4\physx-3.3\physxsdk\source\compiler\vc14win32\win32\physxcommon\debug\guintersectionboxbox.obj
c:\cpsc\cpsc585\physx3_3_4\physx-3.3\physxsdk\source\compiler\vc14win32\win32\physxcommon\debug\guintersectionraycapsule.obj
c:\cpsc\cpsc585\physx3_3_4\physx-3.3\physxsdk\source\compiler\vc14win32\win32\physxcommon\debug\gumeshinterface.obj
c:\cpsc\cpsc585\physx3_3_4\physx-3.3\physxsdk\source\compiler\vc14win32\win32\physxcommon\debug\guoverlaptestsmesh.obj
c:\cpsc\cpsc585\physx3_3_4\physx-3.3\physxsdk\source\compiler\vc14win32\win32\physxcommon\debug\guheightfield.obj
c:\cpsc\cpsc585\physx3_3_4\physx-3.3\physxsdk\source\compiler\vc14win32\win32\physxcommon\debug\gusweepshf.obj
c:\cpsc\cpsc585\physx3_3_4\physx-3.3\physxsdk\source\compiler\vc14win32\win32\physxcommon\debug\gupcmcontactcapsulemesh.obj
c:\cpsc\cpsc585\physx3_3_4\physx-3.3\physxsdk\source\compiler\vc14win32\win32\physxcommon\debug\gupcmcontactgenspherecapsule.obj
c:\cpsc\cpsc585\physx3_3_4\physx-3.3\physxsdk\source\compiler\vc14win32\win32\physxcommon\debug\gupcmcontactplanecapsule.obj
c:\cpsc\cpsc585\physx3_3_4\physx-3.3\physxsdk\source\compiler\vc14win32\win32\physxcommon\debug\gupcmcontactspheremesh.obj
c:\cpsc\cpsc585\physx3_3_4\physx-3.3\physxsdk\source\compiler\vc14win32\win32\physxcommon\debug\guboxpruning.obj
c:\cpsc\cpsc585\physx3_3_4\physx-3.3\physxsdk\source\compiler\vc14win32\win32\physxcommon\debug\gucontainermemorymgmt.obj
c:\cpsc\cpsc585\physx3_3_4\physx-3.3\physxsdk\source\compiler\vc14win32\win32\physxcommon\debug\gugeometryquery.obj
c:\cpsc\cpsc585\physx3_3_4\physx-3.3\physxsdk\source\compiler\vc14win32\win32\physxcommon\debug\gumetadata.obj
c:\cpsc\cpsc585\physx3_3_4\physx-3.3\physxsdk\source\compiler\vc14win32\win32\physxcommon\debug\gurevisitedradix.obj
c:\cpsc\cpsc585\physx3_3_4\physx-3.3\physxsdk\source\compiler\vc14win32\win32\physxcommon\debug\gurevisitedradixbuffered.obj
c:\cpsc\cpsc585\physx3_3_4\physx-3.3\physxsdk\source\compiler\vc14win32\win32\physxcommon\debug\gusweepmtd.obj
c:\cpsc\cpsc585\physx3_3_4\physx-3.3\physxsdk\source\compiler\vc14win32\win32\physxcommon\debug\pswindowscpu.obj
c:\cpsc\cpsc585\physx3_3_4\physx-3.3\physxsdk\source\compiler\vc14win32\win32\physxcommon\debug\pswindowsmoduleupdateloader.obj
c:\cpsc\cpsc585\physx3_3_4\physx-3.3\physxsdk\source\compiler\vc14win32\win32\physxcommon\debug\pswindowsslist.obj
c:\cpsc\cpsc585\physx3_3_4\physx-3.3\physxsdk\source\compiler\vc14win32\win32\physxcommon\debug\pswindowstime.obj
c:\cpsc\cpsc585\physx3_3_4\physx-3.3\physxsdk\source\compiler\vc14win32\win32\physxcommon\debug\pserrorhandler.obj
c:\cpsc\cpsc585\physx3_3_4\physx-3.3\physxsdk\source\compiler\vc14win32\win32\physxcommon\debug\psmathutils.obj
c:\cpsc\cpsc585\physx3_3_4\physx-3.3\physxsdk\source\compiler\vc14win32\win32\physxcommon\debug\psutilities.obj
c:\cpsc\cpsc585\physx3_3_4\physx-3.3\physxsdk\source\compiler\vc14win32\win32\physxcommon\debug\cmmathutils.obj
c:\cpsc\cpsc585\physx3_3_4\physx-3.3\physxsdk\source\compiler\vc14win32\win32\physxcommon\debug\cmrenderoutput.obj
c:\cpsc\cpsc585\physx3_3_4\physx-3.3\physxsdk\source\compiler\vc14win32\win32\physxcommon\debug\gucontactpolygonpolygon.obj
c:\cpsc\cpsc585\physx3_3_4\physx-3.3\physxsdk\source\compiler\vc14win32\win32\physxcommon\debug\guseparatingaxes.obj
c:\cpsc\cpsc585\physx3_3_4\physx-3.3\physxsdk\source\compiler\vc14win32\win32\physxcommon\debug\guconvexmesh.obj
c:\cpsc\cpsc585\physx3_3_4\physx-3.3\physxsdk\source\compiler\vc14win32\win32\physxcommon\debug\gudistancepointbox.obj
c:\cpsc\cpsc585\physx3_3_4\physx-3.3\physxsdk\source\compiler\vc14win32\win32\physxcommon\debug\gudistancepointtriangle.obj
c:\cpsc\cpsc585\physx3_3_4\physx-3.3\physxsdk\source\compiler\vc14win32\win32\physxcommon\debug\gudistancesegmenttriangle.obj
c:\cpsc\cpsc585\physx3_3_4\physx-3.3\physxsdk\source\compiler\vc14win32\win32\physxcommon\debug\gusweepboxtriangle_sat.obj
c:\cpsc\cpsc585\physx3_3_4\physx-3.3\physxsdk\source\compiler\vc14win32\win32\physxcommon\debug\gusweepspheresphere.obj
c:\cpsc\cpsc585\physx3_3_4\physx-3.3\physxsdk\source\compiler\vc14win32\win32\physxcommon\debug\gusweepspheretriangle.obj
c:\cpsc\cpsc585\physx3_3_4\physx-3.3\physxsdk\source\compiler\vc14win32\win32\physxcommon\debug\gugjkpenetrationwrapper.obj
c:\cpsc\cpsc585\physx3_3_4\physx-3.3\physxsdk\source\compiler\vc14win32\win32\physxcommon\debug\guintersectionedgeedge.obj
c:\cpsc\cpsc585\physx3_3_4\physx-3.3\physxsdk\source\compiler\vc14win32\win32\physxcommon\debug\guintersectionraysphere.obj
c:\cpsc\cpsc585\physx3_3_4\physx-3.3\physxsdk\source\compiler\vc14win32\win32\physxcommon\debug\guintersectionraytriangle.obj
c:\cpsc\cpsc585\physx3_3_4\physx-3.3\physxsdk\source\compiler\vc14win32\win32\physxcommon\debug\guinternaltrianglemesh.obj
c:\cpsc\cpsc585\physx3_3_4\physx-3.3\physxsdk\source\compiler\vc14win32\win32\physxcommon\debug\gurtree.obj
c:\cpsc\cpsc585\physx3_3_4\physx-3.3\physxsdk\source\compiler\vc14win32\win32\physxcommon\debug\gurtreequeries.obj
c:\cpsc\cpsc585\physx3_3_4\physx-3.3\physxsdk\source\compiler\vc14win32\win32\physxcommon\debug\guheightfieldutil.obj
c:\cpsc\cpsc585\physx3_3_4\physx-3.3\physxsdk\source\compiler\vc14win32\win32\physxcommon\debug\gupcmcontactboxconvex.obj
c:\cpsc\cpsc585\physx3_3_4\physx-3.3\physxsdk\source\compiler\vc14win32\win32\physxcommon\debug\gupcmcontactcapsuleheightfield.obj
c:\cpsc\cpsc585\physx3_3_4\physx-3.3\physxsdk\source\compiler\vc14win32\win32\physxcommon\debug\gupcmcontactgenboxconvex.obj
c:\cpsc\cpsc585\physx3_3_4\physx-3.3\physxsdk\source\compiler\vc14win32\win32\physxcommon\debug\gupcmcontactplanebox.obj
c:\cpsc\cpsc585\physx3_3_4\physx-3.3\physxsdk\source\compiler\vc14win32\win32\physxcommon\debug\gupcmcontactsphereheightfield.obj
c:\cpsc\cpsc585\physx3_3_4\physx-3.3\physxsdk\source\compiler\vc14win32\win32\physxcommon\debug\gubox.obj
c:\cpsc\cpsc585\physx3_3_4\physx-3.3\physxsdk\source\compiler\vc14win32\win32\physxcommon\debug\gucctsweeptests.obj
c:\cpsc\cpsc585\physx3_3_4\physx-3.3\physxsdk\source\compiler\vc14win32\win32\physxcommon\debug\gugeomutilsinternal.obj
c:\cpsc\cpsc585\physx3_3_4\physx-3.3\physxsdk\source\compiler\vc14win32\win32\physxcommon\debug\gumtd.obj
c:\cpsc\cpsc585\physx3_3_4\physx-3.3\physxsdk\source\compiler\vc14win32\win32\physxcommon\debug\guserialize.obj
c:\cpsc\cpsc585\physx3_3_4\physx-3.3\physxsdk\source\compiler\vc14win32\win32\physxcommon\debug\gusweepsharedtests.obj
c:\cpsc\cpsc585\physx3_3_4\physx-3.3\physxsdk\source\compiler\vc14win32\win32\physxcommon\debug\pswindowsmemorymappedfile.obj
c:\cpsc\cpsc585\physx3_3_4\physx-3.3\physxsdk\source\compiler\vc14win32\win32\physxcommon\debug\pswindowsprintstring.obj
c:\cpsc\cpsc585\physx3_3_4\physx-3.3\physxsdk\source\compiler\vc14win32\win32\physxcommon\debug\pswindowsthread.obj
c:\cpsc\cpsc585\physx3_3_4\physx-3.3\physxsdk\source\compiler\vc14win32\win32\physxcommon\debug\psfastxml.obj
c:\cpsc\cpsc585\physx3_3_4\physx-3.3\physxsdk\source\compiler\vc14win32\win32\physxcommon\debug\pstempallocator.obj
c:\cpsc\cpsc585\physx3_3_4\physx-3.3\physxsdk\source\compiler\vc14win32\win32\physxcommon\debug\cmfreelistallocator.obj
c:\cpsc\cpsc585\physx3_3_4\physx-3.3\physxsdk\source\compiler\vc14win32\win32\physxcommon\debug\cmvisualization.obj
c:\cpsc\cpsc585\physx3_3_4\physx-3.3\physxsdk\source\compiler\vc14win32\win32\physxcommon\debug\gucontactspheremesh.obj
c:\cpsc\cpsc585\physx3_3_4\physx-3.3\physxsdk\source\compiler\vc14win32\win32\physxcommon\debug\guconvexsupporttable.obj
c:\cpsc\cpsc585\physx3_3_4\physx-3.3\physxsdk\source\compiler\vc14win32\win32\physxcommon\debug\guhillclimbing.obj
c:\cpsc\cpsc585\physx3_3_4\physx-3.3\physxsdk\source\compiler\vc14win32\win32\physxcommon\debug\gudistancepointsegment.obj
c:\cpsc\cpsc585\physx3_3_4\physx-3.3\physxsdk\source\compiler\vc14win32\win32\physxcommon\debug\gudistancesegmentsegment.obj
c:\cpsc\cpsc585\physx3_3_4\physx-3.3\physxsdk\source\compiler\vc14win32\win32\physxcommon\debug\gusweepboxsphere.obj
c:\cpsc\cpsc585\physx3_3_4\physx-3.3\physxsdk\source\compiler\vc14win32\win32\physxcommon\debug\gusweepcapsulebox.obj
c:\cpsc\cpsc585\physx3_3_4\physx-3.3\physxsdk\source\compiler\vc14win32\win32\physxcommon\debug\gusweepcapsuletriangle.obj
c:\cpsc\cpsc585\physx3_3_4\physx-3.3\physxsdk\source\compiler\vc14win32\win32\physxcommon\debug\gugjkfallback.obj
c:\cpsc\cpsc585\physx3_3_4\physx-3.3\physxsdk\source\compiler\vc14win32\win32\physxcommon\debug\gugjkwrapper.obj
c:\cpsc\cpsc585\physx3_3_4\physx-3.3\physxsdk\source\compiler\vc14win32\win32\physxcommon\debug\guintersectiontrianglebox.obj
c:\cpsc\cpsc585\physx3_3_4\physx-3.3\physxsdk\source\compiler\vc14win32\win32\physxcommon\debug\gumeshquery.obj
c:\cpsc\cpsc585\physx3_3_4\physx-3.3\physxsdk\source\compiler\vc14win32\win32\physxcommon\debug\gusweepsmesh.obj
c:\cpsc\cpsc585\physx3_3_4\physx-3.3\physxsdk\source\compiler\vc14win32\win32\physxcommon\debug\gupcmcontactboxbox.obj
c:\cpsc\cpsc585\physx3_3_4\physx-3.3\physxsdk\source\compiler\vc14win32\win32\physxcommon\debug\gupcmcontactcapsulebox.obj
c:\cpsc\cpsc585\physx3_3_4\physx-3.3\physxsdk\source\compiler\vc14win32\win32\physxcommon\debug\gupcmcontactconvexcommon.obj
c:\cpsc\cpsc585\physx3_3_4\physx-3.3\physxsdk\source\compiler\vc14win32\win32\physxcommon\debug\gupcmcontactconvexheightfield.obj
c:\cpsc\cpsc585\physx3_3_4\physx-3.3\physxsdk\source\compiler\vc14win32\win32\physxcommon\debug\gupcmcontactplaneconvex.obj
c:\cpsc\cpsc585\physx3_3_4\physx-3.3\physxsdk\source\compiler\vc14win32\win32\physxcommon\debug\gupcmshapeconvex.obj
c:\cpsc\cpsc585\physx3_3_4\physx-3.3\physxsdk\source\compiler\vc14win32\win32\physxcommon\debug\gupersistentcontactmanifold.obj
c:\cpsc\cpsc585\physx3_3_4\physx-3.3\physxsdk\source\compiler\vc14win32\win32\physxcommon\debug\gucontainermemorymgmtps3.obj
c:\cpsc\cpsc585\physx3_3_4\physx-3.3\physxsdk\source\compiler\vc14win32\win32\physxcommon\debug\gugeometryunion.obj
c:\cpsc\cpsc585\physx3_3_4\physx-3.3\physxsdk\source\compiler\vc14win32\win32\physxcommon\debug\guobjectbounds.obj
c:\cpsc\cpsc585\physx3_3_4\physx-3.3\physxsdk\source\compiler\vc14win32\win32\physxcommon\debug\guoverlaptests.obj
c:\cpsc\cpsc585\physx3_3_4\physx-3.3\physxsdk\source\compiler\vc14win32\win32\physxcommon\debug\gusweeptests.obj
c:\cpsc\cpsc585\physx3_3_4\physx-3.3\physxsdk\source\compiler\vc14win32\win32\physxcommon\debug\pswindowsfpu.obj
c:\cpsc\cpsc585\physx3_3_4\physx-3.3\physxsdk\source\compiler\vc14win32\win32\physxcommon\debug\pswindowsmutex.obj
c:\cpsc\cpsc585\physx3_3_4\physx-3.3\physxsdk\source\compiler\vc14win32\win32\physxcommon\debug\pswindowssocket.obj
c:\cpsc\cpsc585\physx3_3_4\physx-3.3\physxsdk\source\compiler\vc14win32\win32\physxcommon\debug\psallocator.obj
c:\cpsc\cpsc585\physx3_3_4\physx-3.3\physxsdk\source\compiler\vc14win32\win32\physxcommon\debug\psfoundation.obj
c:\cpsc\cpsc585\physx3_3_4\physx-3.3\physxsdk\source\compiler\vc14win32\win32\physxcommon\debug\cmeventprofiler.obj
c:\cpsc\cpsc585\physx3_3_4\physx-3.3\physxsdk\source\compiler\vc14win32\win32\physxcommon\debug\gucontactcapsulemesh.obj
c:\cpsc\cpsc585\physx3_3_4\physx-3.3\physxsdk\source\compiler\vc14win32\win32\physxcommon\debug\gufeaturecode.obj
c:\cpsc\cpsc585\physx3_3_4\physx-3.3\physxsdk\source\compiler\vc14win32\win32\physxcommon\debug\gubarycentriccoordinates.obj
c:\cpsc\cpsc585\physx3_3_4\physx-3.3\physxsdk\source\compiler\vc14win32\win32\physxcommon\debug\gubigconvexdata.obj
c:\cpsc\cpsc585\physx3_3_4\physx-3.3\physxsdk\source\compiler\vc14win32\win32\physxcommon\debug\guconvexutilsinternal.obj
c:\cpsc\cpsc585\physx3_3_4\physx-3.3\physxsdk\source\compiler\vc14win32\win32\physxcommon\debug\gudistancesegmentbox.obj
c:\cpsc\cpsc585\physx3_3_4\physx-3.3\physxsdk\source\compiler\vc14win32\win32\physxcommon\debug\gusweepboxbox.obj
c:\cpsc\cpsc585\physx3_3_4\physx-3.3\physxsdk\source\compiler\vc14win32\win32\physxcommon\debug\gusweepcapsulecapsule.obj
c:\cpsc\cpsc585\physx3_3_4\physx-3.3\physxsdk\source\compiler\vc14win32\win32\physxcommon\debug\gusweeptriangleutils.obj
c:\cpsc\cpsc585\physx3_3_4\physx-3.3\physxsdk\source\compiler\vc14win32\win32\physxcommon\debug\gugjksimplex.obj
c:\cpsc\cpsc585\physx3_3_4\physx-3.3\physxsdk\source\compiler\vc14win32\win32\physxcommon\debug\guvecbox.obj
c:\cpsc\cpsc585\physx3_3_4\physx-3.3\physxsdk\source\compiler\vc14win32\win32\physxcommon\debug\guintersectionraybox.obj
c:\cpsc\cpsc585\physx3_3_4\physx-3.3\physxsdk\source\compiler\vc14win32\win32\physxcommon\debug\guhybridmodel.obj
c:\cpsc\cpsc585\physx3_3_4\physx-3.3\physxsdk\source\compiler\vc14win32\win32\physxcommon\debug\gumidphase.obj
c:\cpsc\cpsc585\physx3_3_4\physx-3.3\physxsdk\source\compiler\vc14win32\win32\physxcommon\debug\gutrianglemesh.obj
c:\cpsc\cpsc585\physx3_3_4\physx-3.3\physxsdk\source\compiler\vc14win32\win32\physxcommon\debug\guoverlaptestshf.obj
c:\cpsc\cpsc585\physx3_3_4\physx-3.3\physxsdk\source\compiler\vc14win32\win32\physxcommon\debug\gupcmcontactcapsuleconvex.obj
c:\cpsc\cpsc585\physx3_3_4\physx-3.3\physxsdk\source\compiler\vc14win32\win32\physxcommon\debug\gupcmcontactconvexconvex.obj
c:\cpsc\cpsc585\physx3_3_4\physx-3.3\physxsdk\source\compiler\vc14win32\win32\physxcommon\debug\gupcmcontactconvexmesh.obj
c:\cpsc\cpsc585\physx3_3_4\physx-3.3\physxsdk\source\compiler\vc14win32\win32\physxcommon\debug\gupcmcontactsphereconvex.obj
c:\cpsc\cpsc585\physx3_3_4\physx-3.3\physxsdk\source\compiler\vc14win32\win32\physxcommon\debug\gupcmtrianglecontactgen.obj
c:\cpsc\cpsc585\physx3_3_4\physx-3.3\physxsdk\source\compiler\vc14win32\win32\physxcommon\debug\gucapsule.obj
c:\cpsc\cpsc585\physx3_3_4\physx-3.3\physxsdk\source\compiler\vc14win32\win32\physxcommon\debug\gucontainer.obj
c:\cpsc\cpsc585\physx3_3_4\physx-3.3\physxsdk\source\compiler\vc14win32\win32\physxcommon\debug\gudebug.obj
c:\cpsc\cpsc585\physx3_3_4\physx-3.3\physxsdk\source\compiler\vc14win32\win32\physxcommon\debug\gumeshfactory.obj
c:\cpsc\cpsc585\physx3_3_4\physx-3.3\physxsdk\source\compiler\vc14win32\win32\physxcommon\debug\guraycasttests.obj
c:\cpsc\cpsc585\physx3_3_4\physx-3.3\physxsdk\bin\vc14win32\physx3commondebug_x86.pdb
c:\cpsc\cpsc585\physx3_3_4\physx-3.3\physxsdk\bin\vc14win32\physx3commondebug_x86.ilk
c:\cpsc\cpsc585\physx3_3_4\physx-3.3\physxsdk\bin\vc14win32\physx3commondebug_x86.dll
c:\cpsc\cpsc585\physx3_3_4\physx-3.3\physxsdk\bin\vc14win32\physx3commondebug_x86.map
c:\cpsc\cpsc585\physx3_3_4\physx-3.3\physxsdk\lib\vc14win32\physx3commondebug_x86.lib
c:\cpsc\cpsc585\physx3_3_4\physx-3.3\physxsdk\lib\vc14win32\physx3commondebug_x86.exp
c:\cpsc\cpsc585\physx3_3_4\physx-3.3\physxsdk\source\compiler\vc14win32\win32\physxcommon\debug\physx3common.res
c:\cpsc\cpsc585\physx3_3_4\physx-3.3\physxsdk\source\compiler\vc14win32\./../../../bin/vc14win32\physx3commondebug_x86.dll
c:\cpsc\cpsc585\physx3_3_4\physx-3.3\physxsdk\source\compiler\vc14win32\win32\physxcommon\debug\physxcommon.tlog\cl.command.1.tlog
c:\cpsc\cpsc585\physx3_3_4\physx-3.3\physxsdk\source\compiler\vc14win32\win32\physxcommon\debug\physxcommon.tlog\cl.read.1.tlog
c:\cpsc\cpsc585\physx3_3_4\physx-3.3\physxsdk\source\compiler\vc14win32\win32\physxcommon\debug\physxcommon.tlog\cl.write.1.tlog
c:\cpsc\cpsc585\physx3_3_4\physx-3.3\physxsdk\source\compiler\vc14win32\win32\physxcommon\debug\physxcommon.tlog\link.command.1.tlog
c:\cpsc\cpsc585\physx3_3_4\physx-3.3\physxsdk\source\compiler\vc14win32\win32\physxcommon\debug\physxcommon.tlog\link.read.1.tlog
c:\cpsc\cpsc585\physx3_3_4\physx-3.3\physxsdk\source\compiler\vc14win32\win32\physxcommon\debug\physxcommon.tlog\link.write.1.tlog
c:\cpsc\cpsc585\physx3_3_4\physx-3.3\physxsdk\source\compiler\vc14win32\win32\physxcommon\debug\physxcommon.tlog\physxcommon.write.1u.tlog
c:\cpsc\cpsc585\physx3_3_4\physx-3.3\physxsdk\source\compiler\vc14win32\win32\physxcommon\debug\physxcommon.tlog\rc.command.1.tlog
c:\cpsc\cpsc585\physx3_3_4\physx-3.3\physxsdk\source\compiler\vc14win32\win32\physxcommon\debug\physxcommon.tlog\rc.read.1.tlog
c:\cpsc\cpsc585\physx3_3_4\physx-3.3\physxsdk\source\compiler\vc14win32\win32\physxcommon\debug\physxcommon.tlog\rc.write.1.tlog
