  ParticleEmitter.cpp
  ParticleEmitterPressure.cpp
  ParticleEmitterRate.cpp
  ParticleFactory.cpp
  ParticleSystem.cpp
  RenderBaseActor.cpp
  RenderBaseObject.cpp
  RenderBoxActor.cpp
  RenderCapsuleActor.cpp
  RenderGridActor.cpp
  RenderMaterial.cpp
  RenderMeshActor.cpp
  RenderParticleSystemActor.cpp
  RenderSphereActor.cpp
  RenderTexture.cpp
  RenderClothActor.cpp
  RaycastCCD.cpp
  SampleCamera.cpp
  SampleCameraController.cpp
  SampleConsole.cpp
  SampleMain.cpp
  SampleStepper.cpp
  TestGroup.cpp
  PhysXSample.cpp
  PhysXSampleApplication.cpp
  InputEventBuffer.cpp
  SampleInputMappingAsset.cpp
  Picking.cpp
  RawLoader.cpp
  SampleAllocator.cpp
  SampleMouseFilter.cpp
  SampleRandomPrecomputed.cpp
  RenderPhysX3Debug.cpp
  wavefront.cpp
  SampleCharacterHelpers.cpp
  AcclaimLoader.cpp
  TestMotionGenerator.cpp
  TestGeometryHelpers.cpp
  TestClothHelpers.cpp
SampleRenderer-MTDEBUG.lib(OGLRendererVertexBuffer.obj) : warning LNK4221: This object file does not define any previously undefined public symbols, so it will not be used by any link operation that consumes this library
  SampleBase.vcxproj -> C:\CPSC\CPSC585\PhysX3_3_4\PhysX-3.3\PhysXSDK\Samples\compiler\vc14win32\./../../lib/vc14win32\SampleBaseDEBUG.lib
